0 info it worked if it ends with ok
1 verbose cli [
1 verbose cli   '/usr/local/bin/node',
1 verbose cli   '/usr/local/bin/npm',
1 verbose cli   'install',
1 verbose cli   '-g',
1 verbose cli   'serve'
1 verbose cli ]
2 info using npm@6.12.0
3 info using node@v12.13.0
4 verbose npm-session 59c2609da143d6e1
5 silly install loadCurrentTree
6 silly install readGlobalPackageData
7 http fetch GET 200 https://registry.npmjs.org/serve 270ms
8 silly pacote tag manifest for serve@latest fetched in 288ms
9 timing stage:loadCurrentTree Completed in 424ms
10 silly install loadIdealTree
11 silly install cloneCurrentTreeToIdealTree
12 timing stage:loadIdealTree:cloneCurrentTree Completed in 1ms
13 silly install loadShrinkwrap
14 timing stage:loadIdealTree:loadShrinkwrap Completed in 18ms
15 silly install loadAllDepsIntoIdealTree
16 silly resolveWithNewModule serve@11.2.0 checking installable status
17 silly removeObsoleteDep removing serve@11.2.0 from the tree as its been replaced by a newer version or is no longer required
18 silly removeObsoleteDep removing @zeit/schemas@2.6.0 from the tree as its been replaced by a newer version or is no longer required
19 silly removeObsoleteDep removing ajv@6.5.3 from the tree as its been replaced by a newer version or is no longer required
20 silly removeObsoleteDep removing fast-deep-equal@2.0.1 from the tree as its been replaced by a newer version or is no longer required
21 silly removeObsoleteDep removing fast-json-stable-stringify@2.0.0 from the tree as its been replaced by a newer version or is no longer required
22 silly removeObsoleteDep removing json-schema-traverse@0.4.1 from the tree as its been replaced by a newer version or is no longer required
23 silly removeObsoleteDep removing uri-js@4.2.2 from the tree as its been replaced by a newer version or is no longer required
24 silly removeObsoleteDep removing punycode@2.1.1 from the tree as its been replaced by a newer version or is no longer required
25 silly removeObsoleteDep removing arg@2.0.0 from the tree as its been replaced by a newer version or is no longer required
26 silly removeObsoleteDep removing boxen@1.3.0 from the tree as its been replaced by a newer version or is no longer required
27 silly removeObsoleteDep removing ansi-align@2.0.0 from the tree as its been replaced by a newer version or is no longer required
28 silly removeObsoleteDep removing string-width@2.1.1 from the tree as its been replaced by a newer version or is no longer required
29 silly removeObsoleteDep removing is-fullwidth-code-point@2.0.0 from the tree as its been replaced by a newer version or is no longer required
30 silly removeObsoleteDep removing strip-ansi@4.0.0 from the tree as its been replaced by a newer version or is no longer required
31 silly removeObsoleteDep removing ansi-regex@3.0.0 from the tree as its been replaced by a newer version or is no longer required
32 silly removeObsoleteDep removing camelcase@4.1.0 from the tree as its been replaced by a newer version or is no longer required
33 silly removeObsoleteDep removing cli-boxes@1.0.0 from the tree as its been replaced by a newer version or is no longer required
34 silly removeObsoleteDep removing term-size@1.2.0 from the tree as its been replaced by a newer version or is no longer required
35 silly removeObsoleteDep removing execa@0.7.0 from the tree as its been replaced by a newer version or is no longer required
36 silly removeObsoleteDep removing widest-line@2.0.1 from the tree as its been replaced by a newer version or is no longer required
37 silly removeObsoleteDep removing chalk@2.4.1 from the tree as its been replaced by a newer version or is no longer required
38 silly removeObsoleteDep removing ansi-styles@3.2.1 from the tree as its been replaced by a newer version or is no longer required
39 silly removeObsoleteDep removing color-convert@1.9.3 from the tree as its been replaced by a newer version or is no longer required
40 silly removeObsoleteDep removing color-name@1.1.3 from the tree as its been replaced by a newer version or is no longer required
41 silly removeObsoleteDep removing escape-string-regexp@1.0.5 from the tree as its been replaced by a newer version or is no longer required
42 silly removeObsoleteDep removing supports-color@5.5.0 from the tree as its been replaced by a newer version or is no longer required
43 silly removeObsoleteDep removing has-flag@3.0.0 from the tree as its been replaced by a newer version or is no longer required
44 silly removeObsoleteDep removing clipboardy@1.2.3 from the tree as its been replaced by a newer version or is no longer required
45 silly removeObsoleteDep removing arch@2.1.1 from the tree as its been replaced by a newer version or is no longer required
46 silly removeObsoleteDep removing execa@0.8.0 from the tree as its been replaced by a newer version or is no longer required
47 silly removeObsoleteDep removing cross-spawn@5.1.0 from the tree as its been replaced by a newer version or is no longer required
48 silly removeObsoleteDep removing lru-cache@4.1.5 from the tree as its been replaced by a newer version or is no longer required
49 silly removeObsoleteDep removing pseudomap@1.0.2 from the tree as its been replaced by a newer version or is no longer required
50 silly removeObsoleteDep removing yallist@2.1.2 from the tree as its been replaced by a newer version or is no longer required
51 silly removeObsoleteDep removing shebang-command@1.2.0 from the tree as its been replaced by a newer version or is no longer required
52 silly removeObsoleteDep removing shebang-regex@1.0.0 from the tree as its been replaced by a newer version or is no longer required
53 silly removeObsoleteDep removing which@1.3.1 from the tree as its been replaced by a newer version or is no longer required
54 silly removeObsoleteDep removing isexe@2.0.0 from the tree as its been replaced by a newer version or is no longer required
55 silly removeObsoleteDep removing get-stream@3.0.0 from the tree as its been replaced by a newer version or is no longer required
56 silly removeObsoleteDep removing is-stream@1.1.0 from the tree as its been replaced by a newer version or is no longer required
57 silly removeObsoleteDep removing npm-run-path@2.0.2 from the tree as its been replaced by a newer version or is no longer required
58 silly removeObsoleteDep removing path-key@2.0.1 from the tree as its been replaced by a newer version or is no longer required
59 silly removeObsoleteDep removing p-finally@1.0.0 from the tree as its been replaced by a newer version or is no longer required
60 silly removeObsoleteDep removing signal-exit@3.0.2 from the tree as its been replaced by a newer version or is no longer required
61 silly removeObsoleteDep removing strip-eof@1.0.0 from the tree as its been replaced by a newer version or is no longer required
62 silly removeObsoleteDep removing compression@1.7.3 from the tree as its been replaced by a newer version or is no longer required
63 silly removeObsoleteDep removing accepts@1.3.7 from the tree as its been replaced by a newer version or is no longer required
64 silly removeObsoleteDep removing mime-types@2.1.25 from the tree as its been replaced by a newer version or is no longer required
65 silly removeObsoleteDep removing mime-db@1.42.0 from the tree as its been replaced by a newer version or is no longer required
66 silly removeObsoleteDep removing negotiator@0.6.2 from the tree as its been replaced by a newer version or is no longer required
67 silly removeObsoleteDep removing compressible@2.0.17 from the tree as its been replaced by a newer version or is no longer required
68 silly removeObsoleteDep removing debug@2.6.9 from the tree as its been replaced by a newer version or is no longer required
69 silly removeObsoleteDep removing ms@2.0.0 from the tree as its been replaced by a newer version or is no longer required
70 silly removeObsoleteDep removing on-headers@1.0.2 from the tree as its been replaced by a newer version or is no longer required
71 silly removeObsoleteDep removing vary@1.1.2 from the tree as its been replaced by a newer version or is no longer required
72 silly removeObsoleteDep removing serve-handler@6.1.2 from the tree as its been replaced by a newer version or is no longer required
73 silly removeObsoleteDep removing bytes@3.0.0 from the tree as its been replaced by a newer version or is no longer required
74 silly removeObsoleteDep removing content-disposition@0.5.2 from the tree as its been replaced by a newer version or is no longer required
75 silly removeObsoleteDep removing fast-url-parser@1.1.3 from the tree as its been replaced by a newer version or is no longer required
76 silly removeObsoleteDep removing punycode@1.4.1 from the tree as its been replaced by a newer version or is no longer required
77 silly removeObsoleteDep removing mime-types@2.1.18 from the tree as its been replaced by a newer version or is no longer required
78 silly removeObsoleteDep removing mime-db@1.33.0 from the tree as its been replaced by a newer version or is no longer required
79 silly removeObsoleteDep removing minimatch@3.0.4 from the tree as its been replaced by a newer version or is no longer required
80 silly removeObsoleteDep removing brace-expansion@1.1.11 from the tree as its been replaced by a newer version or is no longer required
81 silly removeObsoleteDep removing balanced-match@1.0.0 from the tree as its been replaced by a newer version or is no longer required
82 silly removeObsoleteDep removing concat-map@0.0.1 from the tree as its been replaced by a newer version or is no longer required
83 silly removeObsoleteDep removing path-is-inside@1.0.2 from the tree as its been replaced by a newer version or is no longer required
84 silly removeObsoleteDep removing path-to-regexp@2.2.1 from the tree as its been replaced by a newer version or is no longer required
85 silly removeObsoleteDep removing range-parser@1.2.0 from the tree as its been replaced by a newer version or is no longer required
86 silly removeObsoleteDep removing update-check@1.5.2 from the tree as its been replaced by a newer version or is no longer required
87 silly removeObsoleteDep removing registry-auth-token@3.3.2 from the tree as its been replaced by a newer version or is no longer required
88 silly removeObsoleteDep removing rc@1.2.8 from the tree as its been replaced by a newer version or is no longer required
89 silly removeObsoleteDep removing deep-extend@0.6.0 from the tree as its been replaced by a newer version or is no longer required
90 silly removeObsoleteDep removing ini@1.3.5 from the tree as its been replaced by a newer version or is no longer required
91 silly removeObsoleteDep removing minimist@1.2.0 from the tree as its been replaced by a newer version or is no longer required
92 silly removeObsoleteDep removing strip-json-comments@2.0.1 from the tree as its been replaced by a newer version or is no longer required
93 silly removeObsoleteDep removing safe-buffer@5.1.2 from the tree as its been replaced by a newer version or is no longer required
94 silly removeObsoleteDep removing registry-url@3.1.0 from the tree as its been replaced by a newer version or is no longer required
95 http fetch GET 200 https://registry.npmjs.org/update-check 132ms
96 http fetch GET 200 https://registry.npmjs.org/clipboardy 135ms
97 http fetch GET 200 https://registry.npmjs.org/boxen 135ms
98 http fetch GET 200 https://registry.npmjs.org/arg 139ms
99 http fetch GET 200 https://registry.npmjs.org/chalk 145ms
100 http fetch GET 304 https://registry.npmjs.org/compression 148ms (from cache)
101 http fetch GET 304 https://registry.npmjs.org/ajv 155ms (from cache)
102 silly pacote version manifest for update-check@1.5.2 fetched in 154ms
103 silly resolveWithNewModule update-check@1.5.2 checking installable status
104 silly pacote version manifest for arg@2.0.0 fetched in 159ms
105 silly resolveWithNewModule arg@2.0.0 checking installable status
106 silly pacote version manifest for clipboardy@1.2.3 fetched in 158ms
107 silly resolveWithNewModule clipboardy@1.2.3 checking installable status
108 silly pacote version manifest for chalk@2.4.1 fetched in 160ms
109 silly resolveWithNewModule chalk@2.4.1 checking installable status
110 silly pacote version manifest for compression@1.7.3 fetched in 160ms
111 silly resolveWithNewModule compression@1.7.3 checking installable status
112 silly pacote version manifest for ajv@6.5.3 fetched in 165ms
113 silly resolveWithNewModule ajv@6.5.3 checking installable status
114 http fetch GET 200 https://registry.npmjs.org/serve-handler 174ms
115 http fetch GET 200 https://registry.npmjs.org/boxen/-/boxen-1.3.0.tgz 49ms
116 silly pacote version manifest for serve-handler@6.1.2 fetched in 188ms
117 silly resolveWithNewModule serve-handler@6.1.2 checking installable status
118 silly pacote version manifest for boxen@1.3.0 fetched in 197ms
119 silly resolveWithNewModule boxen@1.3.0 checking installable status
120 http fetch GET 200 https://registry.npmjs.org/@zeit%2fschemas 562ms
121 silly pacote version manifest for @zeit/schemas@2.6.0 fetched in 566ms
122 silly resolveWithNewModule @zeit/schemas@2.6.0 checking installable status
123 http fetch GET 200 https://registry.npmjs.org/fast-deep-equal 55ms
124 http fetch GET 304 https://registry.npmjs.org/json-schema-traverse 56ms (from cache)
125 http fetch GET 304 https://registry.npmjs.org/uri-js 56ms (from cache)
126 silly pacote range manifest for fast-deep-equal@^2.0.1 fetched in 59ms
127 silly resolveWithNewModule fast-deep-equal@2.0.1 checking installable status
128 silly pacote range manifest for json-schema-traverse@^0.4.1 fetched in 59ms
129 silly resolveWithNewModule json-schema-traverse@0.4.1 checking installable status
130 silly pacote range manifest for uri-js@^4.2.2 fetched in 58ms
131 silly resolveWithNewModule uri-js@4.2.2 checking installable status
132 http fetch GET 200 https://registry.npmjs.org/fast-json-stable-stringify 60ms
133 silly pacote range manifest for fast-json-stable-stringify@^2.0.0 fetched in 62ms
134 silly resolveWithNewModule fast-json-stable-stringify@2.1.0 checking installable status
135 http fetch GET 304 https://registry.npmjs.org/punycode 44ms (from cache)
136 silly pacote range manifest for punycode@^2.1.0 fetched in 45ms
137 silly resolveWithNewModule punycode@2.1.1 checking installable status
138 http fetch GET 200 https://registry.npmjs.org/ansi-align 52ms
139 http fetch GET 200 https://registry.npmjs.org/widest-line 54ms
140 http fetch GET 200 https://registry.npmjs.org/cli-boxes 57ms
141 http fetch GET 200 https://registry.npmjs.org/term-size 59ms
142 http fetch GET 304 https://registry.npmjs.org/camelcase 63ms (from cache)
143 http fetch GET 304 https://registry.npmjs.org/string-width 64ms (from cache)
144 silly pacote range manifest for widest-line@^2.0.0 fetched in 66ms
145 silly resolveWithNewModule widest-line@2.0.1 checking installable status
146 silly pacote range manifest for camelcase@^4.0.0 fetched in 68ms
147 silly resolveWithNewModule camelcase@4.1.0 checking installable status
148 silly pacote range manifest for string-width@^2.0.0 fetched in 68ms
149 silly resolveWithNewModule string-width@2.1.1 checking installable status
150 http fetch GET 200 https://registry.npmjs.org/ansi-align/-/ansi-align-2.0.0.tgz 43ms
151 http fetch GET 200 https://registry.npmjs.org/cli-boxes/-/cli-boxes-1.0.0.tgz 42ms
152 silly pacote range manifest for ansi-align@^2.0.0 fetched in 102ms
153 silly resolveWithNewModule ansi-align@2.0.0 checking installable status
154 http fetch GET 200 https://registry.npmjs.org/term-size/-/term-size-1.2.0.tgz 42ms
155 silly pacote range manifest for cli-boxes@^1.0.0 fetched in 104ms
156 silly resolveWithNewModule cli-boxes@1.0.0 checking installable status
157 silly pacote range manifest for term-size@^1.2.0 fetched in 106ms
158 silly resolveWithNewModule term-size@1.2.0 checking installable status
159 http fetch GET 304 https://registry.npmjs.org/is-fullwidth-code-point 42ms (from cache)
160 silly pacote range manifest for is-fullwidth-code-point@^2.0.0 fetched in 43ms
161 silly resolveWithNewModule is-fullwidth-code-point@2.0.0 checking installable status
162 http fetch GET 304 https://registry.npmjs.org/strip-ansi 49ms (from cache)
163 silly pacote range manifest for strip-ansi@^4.0.0 fetched in 51ms
164 silly resolveWithNewModule strip-ansi@4.0.0 checking installable status
165 http fetch GET 304 https://registry.npmjs.org/ansi-regex 39ms (from cache)
166 silly pacote range manifest for ansi-regex@^3.0.0 fetched in 41ms
167 silly resolveWithNewModule ansi-regex@3.0.0 checking installable status
168 http fetch GET 304 https://registry.npmjs.org/escape-string-regexp 48ms (from cache)
169 http fetch GET 304 https://registry.npmjs.org/supports-color 49ms (from cache)
170 http fetch GET 304 https://registry.npmjs.org/ansi-styles 50ms (from cache)
171 silly pacote range manifest for escape-string-regexp@^1.0.5 fetched in 51ms
172 silly resolveWithNewModule escape-string-regexp@1.0.5 checking installable status
173 silly pacote range manifest for supports-color@^5.3.0 fetched in 51ms
174 silly resolveWithNewModule supports-color@5.5.0 checking installable status
175 silly pacote range manifest for ansi-styles@^3.2.1 fetched in 53ms
176 silly resolveWithNewModule ansi-styles@3.2.1 checking installable status
177 http fetch GET 304 https://registry.npmjs.org/color-convert 65ms (from cache)
178 silly pacote range manifest for color-convert@^1.9.0 fetched in 67ms
179 silly resolveWithNewModule color-convert@1.9.3 checking installable status
180 http fetch GET 304 https://registry.npmjs.org/color-name 46ms (from cache)
181 silly pacote version manifest for color-name@1.1.3 fetched in 49ms
182 silly resolveWithNewModule color-name@1.1.3 checking installable status
183 http fetch GET 304 https://registry.npmjs.org/has-flag 46ms (from cache)
184 silly pacote range manifest for has-flag@^3.0.0 fetched in 47ms
185 silly resolveWithNewModule has-flag@3.0.0 checking installable status
186 http fetch GET 200 https://registry.npmjs.org/execa 64ms
187 silly pacote range manifest for execa@^0.7.0 fetched in 67ms
188 silly resolveWithNewModule execa@0.7.0 checking installable status
189 http fetch GET 304 https://registry.npmjs.org/is-stream 57ms (from cache)
190 http fetch GET 200 https://registry.npmjs.org/npm-run-path 59ms
191 silly pacote range manifest for is-stream@^1.1.0 fetched in 61ms
192 silly resolveWithNewModule is-stream@1.1.0 checking installable status
193 silly pacote range manifest for npm-run-path@^2.0.0 fetched in 63ms
194 silly resolveWithNewModule npm-run-path@2.0.2 checking installable status
195 http fetch GET 304 https://registry.npmjs.org/signal-exit 64ms (from cache)
196 http fetch GET 304 https://registry.npmjs.org/p-finally 66ms (from cache)
197 http fetch GET 304 https://registry.npmjs.org/cross-spawn 68ms (from cache)
198 silly pacote range manifest for signal-exit@^3.0.0 fetched in 68ms
199 silly resolveWithNewModule signal-exit@3.0.2 checking installable status
200 silly pacote range manifest for p-finally@^1.0.0 fetched in 70ms
201 silly resolveWithNewModule p-finally@1.0.0 checking installable status
202 http fetch GET 304 https://registry.npmjs.org/strip-eof 69ms (from cache)
203 silly pacote range manifest for cross-spawn@^5.0.1 fetched in 72ms
204 silly resolveWithNewModule cross-spawn@5.1.0 checking installable status
205 silly pacote range manifest for strip-eof@^1.0.0 fetched in 71ms
206 silly resolveWithNewModule strip-eof@1.0.0 checking installable status
207 http fetch GET 304 https://registry.npmjs.org/get-stream 74ms (from cache)
208 silly pacote range manifest for get-stream@^3.0.0 fetched in 77ms
209 silly resolveWithNewModule get-stream@3.0.0 checking installable status
210 http fetch GET 304 https://registry.npmjs.org/lru-cache 53ms (from cache)
211 http fetch GET 304 https://registry.npmjs.org/which 53ms (from cache)
212 http fetch GET 304 https://registry.npmjs.org/shebang-command 54ms (from cache)
213 silly pacote range manifest for lru-cache@^4.0.1 fetched in 55ms
214 silly resolveWithNewModule lru-cache@4.1.5 checking installable status
215 silly pacote range manifest for which@^1.2.9 fetched in 56ms
216 silly resolveWithNewModule which@1.3.1 checking installable status
217 silly pacote range manifest for shebang-command@^1.2.0 fetched in 57ms
218 silly resolveWithNewModule shebang-command@1.2.0 checking installable status
219 http fetch GET 304 https://registry.npmjs.org/yallist 46ms (from cache)
220 http fetch GET 304 https://registry.npmjs.org/pseudomap 48ms (from cache)
221 silly pacote range manifest for yallist@^2.1.2 fetched in 48ms
222 silly resolveWithNewModule yallist@2.1.2 checking installable status
223 silly pacote range manifest for pseudomap@^1.0.2 fetched in 50ms
224 silly resolveWithNewModule pseudomap@1.0.2 checking installable status
225 http fetch GET 304 https://registry.npmjs.org/shebang-regex 41ms (from cache)
226 silly pacote range manifest for shebang-regex@^1.0.0 fetched in 43ms
227 silly resolveWithNewModule shebang-regex@1.0.0 checking installable status
228 http fetch GET 304 https://registry.npmjs.org/isexe 49ms (from cache)
229 silly pacote range manifest for isexe@^2.0.0 fetched in 50ms
230 silly resolveWithNewModule isexe@2.0.0 checking installable status
231 http fetch GET 304 https://registry.npmjs.org/path-key 50ms (from cache)
232 silly pacote range manifest for path-key@^2.0.0 fetched in 51ms
233 silly resolveWithNewModule path-key@2.0.1 checking installable status
234 http fetch GET 200 https://registry.npmjs.org/arch 45ms
235 http fetch GET 200 https://registry.npmjs.org/execa/-/execa-0.8.0.tgz 44ms
236 silly pacote range manifest for arch@^2.1.0 fetched in 51ms
237 silly resolveWithNewModule arch@2.1.1 checking installable status
238 silly pacote range manifest for execa@^0.8.0 fetched in 51ms
239 silly resolveWithNewModule execa@0.8.0 checking installable status
240 http fetch GET 304 https://registry.npmjs.org/vary 66ms (from cache)
241 http fetch GET 304 https://registry.npmjs.org/compressible 68ms (from cache)
242 http fetch GET 304 https://registry.npmjs.org/safe-buffer 69ms (from cache)
243 http fetch GET 304 https://registry.npmjs.org/on-headers 69ms (from cache)
244 http fetch GET 304 https://registry.npmjs.org/debug 74ms (from cache)
245 silly pacote range manifest for vary@~1.1.2 fetched in 74ms
246 silly resolveWithNewModule vary@1.1.2 checking installable status
247 http fetch GET 304 https://registry.npmjs.org/accepts 77ms (from cache)
248 silly pacote range manifest for compressible@~2.0.14 fetched in 77ms
249 silly resolveWithNewModule compressible@2.0.17 checking installable status
250 silly pacote range manifest for on-headers@~1.0.1 fetched in 76ms
251 silly resolveWithNewModule on-headers@1.0.2 checking installable status
252 silly pacote version manifest for safe-buffer@5.1.2 fetched in 77ms
253 silly resolveWithNewModule safe-buffer@5.1.2 checking installable status
254 http fetch GET 304 https://registry.npmjs.org/bytes 78ms (from cache)
255 silly pacote version manifest for debug@2.6.9 fetched in 79ms
256 silly resolveWithNewModule debug@2.6.9 checking installable status
257 silly pacote range manifest for accepts@~1.3.5 fetched in 81ms
258 silly resolveWithNewModule accepts@1.3.7 checking installable status
259 silly pacote version manifest for bytes@3.0.0 fetched in 80ms
260 silly resolveWithNewModule bytes@3.0.0 checking installable status
261 http fetch GET 304 https://registry.npmjs.org/negotiator 47ms (from cache)
262 http fetch GET 304 https://registry.npmjs.org/mime-types 50ms (from cache)
263 silly pacote version manifest for negotiator@0.6.2 fetched in 50ms
264 silly resolveWithNewModule negotiator@0.6.2 checking installable status
265 silly pacote range manifest for mime-types@~2.1.24 fetched in 52ms
266 silly resolveWithNewModule mime-types@2.1.25 checking installable status
267 http fetch GET 304 https://registry.npmjs.org/mime-db 44ms (from cache)
268 silly pacote version manifest for mime-db@1.42.0 fetched in 47ms
269 silly resolveWithNewModule mime-db@1.42.0 checking installable status
270 http fetch GET 200 https://registry.npmjs.org/ms 50ms
271 silly pacote version manifest for ms@2.0.0 fetched in 52ms
272 silly resolveWithNewModule ms@2.0.0 checking installable status
273 silly pacote version manifest for mime-types@2.1.18 fetched in 16ms
274 silly resolveWithNewModule mime-types@2.1.18 checking installable status
275 http fetch GET 200 https://registry.npmjs.org/fast-url-parser 65ms
276 http fetch GET 304 https://registry.npmjs.org/content-disposition 69ms (from cache)
277 http fetch GET 304 https://registry.npmjs.org/path-to-regexp 69ms (from cache)
278 http fetch GET 304 https://registry.npmjs.org/minimatch 72ms (from cache)
279 http fetch GET 304 https://registry.npmjs.org/path-is-inside 71ms (from cache)
280 http fetch GET 304 https://registry.npmjs.org/range-parser 73ms (from cache)
281 silly pacote version manifest for fast-url-parser@1.1.3 fetched in 80ms
282 silly resolveWithNewModule fast-url-parser@1.1.3 checking installable status
283 silly pacote version manifest for path-is-inside@1.0.2 fetched in 82ms
284 silly resolveWithNewModule path-is-inside@1.0.2 checking installable status
285 silly pacote version manifest for path-to-regexp@2.2.1 fetched in 82ms
286 silly resolveWithNewModule path-to-regexp@2.2.1 checking installable status
287 http fetch GET 200 https://registry.npmjs.org/content-disposition/-/content-disposition-0.5.2.tgz 40ms
288 silly pacote version manifest for content-disposition@0.5.2 fetched in 123ms
289 silly resolveWithNewModule content-disposition@0.5.2 checking installable status
290 http fetch GET 200 https://registry.npmjs.org/range-parser/-/range-parser-1.2.0.tgz 48ms
291 http fetch GET 304 https://registry.npmjs.org/minimatch/-/minimatch-3.0.4.tgz 53ms (from cache)
292 silly pacote version manifest for range-parser@1.2.0 fetched in 128ms
293 silly resolveWithNewModule range-parser@1.2.0 checking installable status
294 silly pacote version manifest for minimatch@3.0.4 fetched in 131ms
295 silly resolveWithNewModule minimatch@3.0.4 checking installable status
296 silly pacote range manifest for punycode@^1.3.2 fetched in 1ms
297 silly resolveWithNewModule punycode@1.4.1 checking installable status
298 silly pacote range manifest for mime-db@~1.33.0 fetched in 5ms
299 silly resolveWithNewModule mime-db@1.33.0 checking installable status
300 http fetch GET 304 https://registry.npmjs.org/brace-expansion 42ms (from cache)
301 silly pacote range manifest for brace-expansion@^1.1.7 fetched in 44ms
302 silly resolveWithNewModule brace-expansion@1.1.11 checking installable status
303 http fetch GET 304 https://registry.npmjs.org/balanced-match 37ms (from cache)
304 silly pacote range manifest for balanced-match@^1.0.0 fetched in 39ms
305 silly resolveWithNewModule balanced-match@1.0.0 checking installable status
306 http fetch GET 304 https://registry.npmjs.org/concat-map 43ms (from cache)
307 silly pacote version manifest for concat-map@0.0.1 fetched in 43ms
308 silly resolveWithNewModule concat-map@0.0.1 checking installable status
309 http fetch GET 200 https://registry.npmjs.org/registry-url 38ms
310 http fetch GET 200 https://registry.npmjs.org/registry-auth-token 40ms
311 http fetch GET 200 https://registry.npmjs.org/registry-url/-/registry-url-3.1.0.tgz 37ms
312 silly pacote version manifest for registry-url@3.1.0 fetched in 83ms
313 silly resolveWithNewModule registry-url@3.1.0 checking installable status
314 http fetch GET 200 https://registry.npmjs.org/registry-auth-token/-/registry-auth-token-3.3.2.tgz 44ms
315 silly pacote version manifest for registry-auth-token@3.3.2 fetched in 90ms
316 silly resolveWithNewModule registry-auth-token@3.3.2 checking installable status
317 http fetch GET 304 https://registry.npmjs.org/rc 45ms (from cache)
318 silly pacote range manifest for rc@^1.1.6 fetched in 47ms
319 silly resolveWithNewModule rc@1.2.8 checking installable status
320 http fetch GET 304 https://registry.npmjs.org/strip-json-comments 51ms (from cache)
321 http fetch GET 304 https://registry.npmjs.org/minimist 53ms (from cache)
322 http fetch GET 304 https://registry.npmjs.org/deep-extend 55ms (from cache)
323 silly pacote range manifest for strip-json-comments@~2.0.1 fetched in 54ms
324 silly resolveWithNewModule strip-json-comments@2.0.1 checking installable status
325 http fetch GET 304 https://registry.npmjs.org/ini 55ms (from cache)
326 silly pacote range manifest for minimist@^1.2.0 fetched in 56ms
327 silly resolveWithNewModule minimist@1.2.0 checking installable status
328 silly pacote range manifest for deep-extend@^0.6.0 fetched in 57ms
329 silly resolveWithNewModule deep-extend@0.6.0 checking installable status
330 silly pacote range manifest for ini@~1.3.0 fetched in 57ms
331 silly resolveWithNewModule ini@1.3.5 checking installable status
332 timing stage:loadIdealTree:loadAllDepsIntoIdealTree Completed in 2254ms
333 timing stage:loadIdealTree Completed in 2293ms
334 silly currentTree lib
334 silly currentTree └─┬ serve@11.2.0
334 silly currentTree   ├── @zeit/schemas@2.6.0
334 silly currentTree   ├── accepts@1.3.7
334 silly currentTree   ├── ajv@6.5.3
334 silly currentTree   ├── ansi-align@2.0.0
334 silly currentTree   ├── ansi-regex@3.0.0
334 silly currentTree   ├── ansi-styles@3.2.1
334 silly currentTree   ├── arch@2.1.1
334 silly currentTree   ├── arg@2.0.0
334 silly currentTree   ├── balanced-match@1.0.0
334 silly currentTree   ├── boxen@1.3.0
334 silly currentTree   ├── brace-expansion@1.1.11
334 silly currentTree   ├── bytes@3.0.0
334 silly currentTree   ├── camelcase@4.1.0
334 silly currentTree   ├── chalk@2.4.1
334 silly currentTree   ├── cli-boxes@1.0.0
334 silly currentTree   ├─┬ clipboardy@1.2.3
334 silly currentTree   │ └── execa@0.8.0
334 silly currentTree   ├── color-convert@1.9.3
334 silly currentTree   ├── color-name@1.1.3
334 silly currentTree   ├── compressible@2.0.17
334 silly currentTree   ├── compression@1.7.3
334 silly currentTree   ├── concat-map@0.0.1
334 silly currentTree   ├── content-disposition@0.5.2
334 silly currentTree   ├── cross-spawn@5.1.0
334 silly currentTree   ├── debug@2.6.9
334 silly currentTree   ├── deep-extend@0.6.0
334 silly currentTree   ├── escape-string-regexp@1.0.5
334 silly currentTree   ├── execa@0.7.0
334 silly currentTree   ├── fast-deep-equal@2.0.1
334 silly currentTree   ├── fast-json-stable-stringify@2.0.0
334 silly currentTree   ├─┬ fast-url-parser@1.1.3
334 silly currentTree   │ └── punycode@1.4.1
334 silly currentTree   ├── get-stream@3.0.0
334 silly currentTree   ├── has-flag@3.0.0
334 silly currentTree   ├── ini@1.3.5
334 silly currentTree   ├── is-fullwidth-code-point@2.0.0
334 silly currentTree   ├── is-stream@1.1.0
334 silly currentTree   ├── isexe@2.0.0
334 silly currentTree   ├── json-schema-traverse@0.4.1
334 silly currentTree   ├── lru-cache@4.1.5
334 silly currentTree   ├── mime-db@1.42.0
334 silly currentTree   ├── mime-types@2.1.25
334 silly currentTree   ├── minimatch@3.0.4
334 silly currentTree   ├── minimist@1.2.0
334 silly currentTree   ├── ms@2.0.0
334 silly currentTree   ├── negotiator@0.6.2
334 silly currentTree   ├── npm-run-path@2.0.2
334 silly currentTree   ├── on-headers@1.0.2
334 silly currentTree   ├── p-finally@1.0.0
334 silly currentTree   ├── path-is-inside@1.0.2
334 silly currentTree   ├── path-key@2.0.1
334 silly currentTree   ├── path-to-regexp@2.2.1
334 silly currentTree   ├── pseudomap@1.0.2
334 silly currentTree   ├── punycode@2.1.1
334 silly currentTree   ├── range-parser@1.2.0
334 silly currentTree   ├── rc@1.2.8
334 silly currentTree   ├── registry-auth-token@3.3.2
334 silly currentTree   ├── registry-url@3.1.0
334 silly currentTree   ├── safe-buffer@5.1.2
334 silly currentTree   ├─┬ serve-handler@6.1.2
334 silly currentTree   │ ├── mime-db@1.33.0
334 silly currentTree   │ └── mime-types@2.1.18
334 silly currentTree   ├── shebang-command@1.2.0
334 silly currentTree   ├── shebang-regex@1.0.0
334 silly currentTree   ├── signal-exit@3.0.2
334 silly currentTree   ├── string-width@2.1.1
334 silly currentTree   ├── strip-ansi@4.0.0
334 silly currentTree   ├── strip-eof@1.0.0
334 silly currentTree   ├── strip-json-comments@2.0.1
334 silly currentTree   ├── supports-color@5.5.0
334 silly currentTree   ├── term-size@1.2.0
334 silly currentTree   ├── update-check@1.5.2
334 silly currentTree   ├── uri-js@4.2.2
334 silly currentTree   ├── vary@1.1.2
334 silly currentTree   ├── which@1.3.1
334 silly currentTree   ├── widest-line@2.0.1
334 silly currentTree   └── yallist@2.1.2
335 silly idealTree lib
335 silly idealTree └─┬ serve@11.2.0
335 silly idealTree   ├── @zeit/schemas@2.6.0
335 silly idealTree   ├── accepts@1.3.7
335 silly idealTree   ├── ajv@6.5.3
335 silly idealTree   ├── ansi-align@2.0.0
335 silly idealTree   ├── ansi-regex@3.0.0
335 silly idealTree   ├── ansi-styles@3.2.1
335 silly idealTree   ├── arch@2.1.1
335 silly idealTree   ├── arg@2.0.0
335 silly idealTree   ├── balanced-match@1.0.0
335 silly idealTree   ├── boxen@1.3.0
335 silly idealTree   ├── brace-expansion@1.1.11
335 silly idealTree   ├── bytes@3.0.0
335 silly idealTree   ├── camelcase@4.1.0
335 silly idealTree   ├── chalk@2.4.1
335 silly idealTree   ├── cli-boxes@1.0.0
335 silly idealTree   ├─┬ clipboardy@1.2.3
335 silly idealTree   │ └── execa@0.8.0
335 silly idealTree   ├── color-convert@1.9.3
335 silly idealTree   ├── color-name@1.1.3
335 silly idealTree   ├── compressible@2.0.17
335 silly idealTree   ├── compression@1.7.3
335 silly idealTree   ├── concat-map@0.0.1
335 silly idealTree   ├── content-disposition@0.5.2
335 silly idealTree   ├── cross-spawn@5.1.0
335 silly idealTree   ├── debug@2.6.9
335 silly idealTree   ├── deep-extend@0.6.0
335 silly idealTree   ├── escape-string-regexp@1.0.5
335 silly idealTree   ├── execa@0.7.0
335 silly idealTree   ├── fast-deep-equal@2.0.1
335 silly idealTree   ├── fast-json-stable-stringify@2.1.0
335 silly idealTree   ├─┬ fast-url-parser@1.1.3
335 silly idealTree   │ └── punycode@1.4.1
335 silly idealTree   ├── get-stream@3.0.0
335 silly idealTree   ├── has-flag@3.0.0
335 silly idealTree   ├── ini@1.3.5
335 silly idealTree   ├── is-fullwidth-code-point@2.0.0
335 silly idealTree   ├── is-stream@1.1.0
335 silly idealTree   ├── isexe@2.0.0
335 silly idealTree   ├── json-schema-traverse@0.4.1
335 silly idealTree   ├── lru-cache@4.1.5
335 silly idealTree   ├── mime-db@1.42.0
335 silly idealTree   ├── mime-types@2.1.25
335 silly idealTree   ├── minimatch@3.0.4
335 silly idealTree   ├── minimist@1.2.0
335 silly idealTree   ├── ms@2.0.0
335 silly idealTree   ├── negotiator@0.6.2
335 silly idealTree   ├── npm-run-path@2.0.2
335 silly idealTree   ├── on-headers@1.0.2
335 silly idealTree   ├── p-finally@1.0.0
335 silly idealTree   ├── path-is-inside@1.0.2
335 silly idealTree   ├── path-key@2.0.1
335 silly idealTree   ├── path-to-regexp@2.2.1
335 silly idealTree   ├── pseudomap@1.0.2
335 silly idealTree   ├── punycode@2.1.1
335 silly idealTree   ├── range-parser@1.2.0
335 silly idealTree   ├── rc@1.2.8
335 silly idealTree   ├── registry-auth-token@3.3.2
335 silly idealTree   ├── registry-url@3.1.0
335 silly idealTree   ├── safe-buffer@5.1.2
335 silly idealTree   ├─┬ serve-handler@6.1.2
335 silly idealTree   │ ├── mime-db@1.33.0
335 silly idealTree   │ └── mime-types@2.1.18
335 silly idealTree   ├── shebang-command@1.2.0
335 silly idealTree   ├── shebang-regex@1.0.0
335 silly idealTree   ├── signal-exit@3.0.2
335 silly idealTree   ├── string-width@2.1.1
335 silly idealTree   ├── strip-ansi@4.0.0
335 silly idealTree   ├── strip-eof@1.0.0
335 silly idealTree   ├── strip-json-comments@2.0.1
335 silly idealTree   ├── supports-color@5.5.0
335 silly idealTree   ├── term-size@1.2.0
335 silly idealTree   ├── update-check@1.5.2
335 silly idealTree   ├── uri-js@4.2.2
335 silly idealTree   ├── vary@1.1.2
335 silly idealTree   ├── which@1.3.1
335 silly idealTree   ├── widest-line@2.0.1
335 silly idealTree   └── yallist@2.1.2
336 silly install generateActionsToTake
337 warn checkPermissions Missing write access to /usr/local/lib/node_modules/serve/node_modules/fast-json-stable-stringify
338 warn checkPermissions Missing write access to /usr/local/lib/node_modules/serve
339 warn checkPermissions Missing write access to /usr/local/lib/node_modules/serve/node_modules
340 warn checkPermissions Missing write access to /usr/local/lib/node_modules
341 timing stage:rollbackFailedOptional Completed in 0ms
342 timing stage:runTopLevelLifecycles Completed in 2725ms
343 verbose stack Error: EACCES: permission denied, access '/usr/local/lib/node_modules/serve/node_modules/fast-json-stable-stringify'
344 verbose cwd /Users/achrafgaoubouzi/learnVue/myTodoProject
345 verbose Darwin 19.0.0
346 verbose argv "/usr/local/bin/node" "/usr/local/bin/npm" "install" "-g" "serve"
347 verbose node v12.13.0
348 verbose npm  v6.12.0
349 error code EACCES
350 error syscall access
351 error path /usr/local/lib/node_modules/serve/node_modules/fast-json-stable-stringify
352 error errno -13
353 error Error: EACCES: permission denied, access '/usr/local/lib/node_modules/serve/node_modules/fast-json-stable-stringify'
353 error  [Error: EACCES: permission denied, access '/usr/local/lib/node_modules/serve/node_modules/fast-json-stable-stringify'] {
353 error   stack: "Error: EACCES: permission denied, access '/usr/local/lib/node_modules/serve/node_modules/fast-json-stable-stringify'",
353 error   errno: -13,
353 error   code: 'EACCES',
353 error   syscall: 'access',
353 error   path: '/usr/local/lib/node_modules/serve/node_modules/fast-json-stable-stringify'
353 error }
354 error The operation was rejected by your operating system.
354 error It is likely you do not have the permissions to access this file as the current user
354 error
354 error If you believe this might be a permissions issue, please double-check the
354 error permissions of the file and its containing directories, or try running
354 error the command again as root/Administrator.
355 verbose exit [ -13, true ]
